<?xml version="1.0" encoding="UTF-8"?>
<testsuite xmlns:xsi="http://www.w3.org/2001/XMLSchema-instance" xsi:schemaLocation="https://maven.apache.org/surefire/maven-surefire-plugin/xsd/surefire-test-report.xsd" name="TestSuite" time="2.608" tests="4" errors="0" skipped="0" failures="4">
  <properties>
[...]
</properties>
  <testcase name="RFIconfirmation" classname="com.catnav.scripts.home.testcases.RFISubmission" time="1.526">
    <failure message="Could not start a new session. Possible causes are invalid address of the remote server or browser start-up failure.&#10;Build info: version: &apos;2.52.0&apos;, revision: &apos;4c2593cfc3689a7fcd7be52549167e5ccc93ad28&apos;, time: &apos;2016-02-11 11:22:43&apos;&#10;System info: host: &apos;SDF4-110-KRISHNA&apos;, ip: &apos;10.254.105.206&apos;, os.name: &apos;Windows 10&apos;, os.arch: &apos;amd64&apos;, os.version: &apos;10.0&apos;, java.version: &apos;11.0.1&apos;&#10;Driver info: driver.version: ChromeDriver" type="org.openqa.selenium.remote.UnreachableBrowserException">org.openqa.selenium.remote.UnreachableBrowserException: 
Could not start a new session. Possible causes are invalid address of the remote server or browser start-up failure.
Build info: version: '2.52.0', revision: '4c2593cfc3689a7fcd7be52549167e5ccc93ad28', time: '2016-02-11 11:22:43'
System info: host: 'SDF4-110-KRISHNA', ip: '10.254.105.206', os.name: 'Windows 10', os.arch: 'amd64', os.version: '10.0', java.version: '11.0.1'
Driver info: driver.version: ChromeDriver
	at com.catnav.scripts.home.testcases.RFISubmission.RFIconfirmation(RFISubmission.java:40)
Caused by: org.openqa.selenium.WebDriverException: 
Unable to convert: {desiredCapabilities=Capabilities [{browserName=chrome, chromeOptions=org.openqa.selenium.chrome.ChromeOptions@1b550c0, version=, platform=ANY}]}
Build info: version: '2.52.0', revision: '4c2593cfc3689a7fcd7be52549167e5ccc93ad28', time: '2016-02-11 11:22:43'
System info: host: 'SDF4-110-KRISHNA', ip: '10.254.105.206', os.name: 'Windows 10', os.arch: 'amd64', os.version: '10.0', java.version: '11.0.1'
Driver info: driver.version: ChromeDriver
	at com.catnav.scripts.home.testcases.RFISubmission.RFIconfirmation(RFISubmission.java:40)
Caused by: org.openqa.selenium.WebDriverException: 
Unable to convert: {desiredCapabilities=Capabilities [{browserName=chrome, chromeOptions=org.openqa.selenium.chrome.ChromeOptions@1b550c0, version=, platform=ANY}]}
Build info: version: '2.52.0', revision: '4c2593cfc3689a7fcd7be52549167e5ccc93ad28', time: '2016-02-11 11:22:43'
System info: host: 'SDF4-110-KRISHNA', ip: '10.254.105.206', os.name: 'Windows 10', os.arch: 'amd64', os.version: '10.0', java.version: '11.0.1'
Driver info: driver.version: ChromeDriver
	at com.catnav.scripts.home.testcases.RFISubmission.RFIconfirmation(RFISubmission.java:40)
Caused by: org.openqa.selenium.WebDriverException: 
java.lang.reflect.InvocationTargetException
Build info: version: '2.52.0', revision: '4c2593cfc3689a7fcd7be52549167e5ccc93ad28', time: '2016-02-11 11:22:43'
System info: host: 'SDF4-110-KRISHNA', ip: '10.254.105.206', os.name: 'Windows 10', os.arch: 'amd64', os.version: '10.0', java.version: '11.0.1'
Driver info: driver.version: ChromeDriver
	at com.catnav.scripts.home.testcases.RFISubmission.RFIconfirmation(RFISubmission.java:40)
Caused by: java.lang.reflect.InvocationTargetException
	at com.catnav.scripts.home.testcases.RFISubmission.RFIconfirmation(RFISubmission.java:40)
Caused by: java.lang.NoClassDefFoundError: java/sql/Time
	at com.catnav.scripts.home.testcases.RFISubmission.RFIconfirmation(RFISubmission.java:40)
Caused by: java.lang.ClassNotFoundException: java.sql.Time
	at com.catnav.scripts.home.testcases.RFISubmission.RFIconfirmation(RFISubmission.java:40)
</failure>
    <system-err><![CDATA[Starting ChromeDriver 2.31.488763 (092de99f48a300323ecf8c2a4e2e7cab51de5ba8) on port 33412
Only local connections are allowed.
Starting ChromeDriver 2.31.488763 (092de99f48a300323ecf8c2a4e2e7cab51de5ba8) on port 24670
Only local connections are allowed.
]]></system-err>
  </testcase>
  <testcase name="fnEmailThisPage" classname="com.catnav.scripts.home.testcases.EmailThisPage" time="1.526">
    <failure message="Could not start a new session. Possible causes are invalid address of the remote server or browser start-up failure.&#10;Build info: version: &apos;2.52.0&apos;, revision: &apos;4c2593cfc3689a7fcd7be52549167e5ccc93ad28&apos;, time: &apos;2016-02-11 11:22:43&apos;&#10;System info: host: &apos;SDF4-110-KRISHNA&apos;, ip: &apos;10.254.105.206&apos;, os.name: &apos;Windows 10&apos;, os.arch: &apos;amd64&apos;, os.version: &apos;10.0&apos;, java.version: &apos;11.0.1&apos;&#10;Driver info: driver.version: ChromeDriver" type="org.openqa.selenium.remote.UnreachableBrowserException">org.openqa.selenium.remote.UnreachableBrowserException: 
Could not start a new session. Possible causes are invalid address of the remote server or browser start-up failure.
Build info: version: '2.52.0', revision: '4c2593cfc3689a7fcd7be52549167e5ccc93ad28', time: '2016-02-11 11:22:43'
System info: host: 'SDF4-110-KRISHNA', ip: '10.254.105.206', os.name: 'Windows 10', os.arch: 'amd64', os.version: '10.0', java.version: '11.0.1'
Driver info: driver.version: ChromeDriver
	at com.catnav.scripts.home.testcases.EmailThisPage.fnEmailThisPage(EmailThisPage.java:39)
Caused by: org.openqa.selenium.WebDriverException: 
Unable to convert: {desiredCapabilities=Capabilities [{browserName=chrome, chromeOptions=org.openqa.selenium.chrome.ChromeOptions@1b550c0, version=, platform=ANY}]}
Build info: version: '2.52.0', revision: '4c2593cfc3689a7fcd7be52549167e5ccc93ad28', time: '2016-02-11 11:22:43'
System info: host: 'SDF4-110-KRISHNA', ip: '10.254.105.206', os.name: 'Windows 10', os.arch: 'amd64', os.version: '10.0', java.version: '11.0.1'
Driver info: driver.version: ChromeDriver
	at com.catnav.scripts.home.testcases.EmailThisPage.fnEmailThisPage(EmailThisPage.java:39)
Caused by: org.openqa.selenium.WebDriverException: 
Unable to convert: {desiredCapabilities=Capabilities [{browserName=chrome, chromeOptions=org.openqa.selenium.chrome.ChromeOptions@1b550c0, version=, platform=ANY}]}
Build info: version: '2.52.0', revision: '4c2593cfc3689a7fcd7be52549167e5ccc93ad28', time: '2016-02-11 11:22:43'
System info: host: 'SDF4-110-KRISHNA', ip: '10.254.105.206', os.name: 'Windows 10', os.arch: 'amd64', os.version: '10.0', java.version: '11.0.1'
Driver info: driver.version: ChromeDriver
	at com.catnav.scripts.home.testcases.EmailThisPage.fnEmailThisPage(EmailThisPage.java:39)
Caused by: org.openqa.selenium.WebDriverException: 
java.lang.reflect.InvocationTargetException
Build info: version: '2.52.0', revision: '4c2593cfc3689a7fcd7be52549167e5ccc93ad28', time: '2016-02-11 11:22:43'
System info: host: 'SDF4-110-KRISHNA', ip: '10.254.105.206', os.name: 'Windows 10', os.arch: 'amd64', os.version: '10.0', java.version: '11.0.1'
Driver info: driver.version: ChromeDriver
	at com.catnav.scripts.home.testcases.EmailThisPage.fnEmailThisPage(EmailThisPage.java:39)
Caused by: java.lang.reflect.InvocationTargetException
	at com.catnav.scripts.home.testcases.EmailThisPage.fnEmailThisPage(EmailThisPage.java:39)
Caused by: java.lang.NoClassDefFoundError: java/sql/Time
	at com.catnav.scripts.home.testcases.EmailThisPage.fnEmailThisPage(EmailThisPage.java:39)
Caused by: java.lang.ClassNotFoundException: java.sql.Time
	at com.catnav.scripts.home.testcases.EmailThisPage.fnEmailThisPage(EmailThisPage.java:39)
</failure>
    <system-err><![CDATA[Starting ChromeDriver 2.31.488763 (092de99f48a300323ecf8c2a4e2e7cab51de5ba8) on port 33412
Only local connections are allowed.
Starting ChromeDriver 2.31.488763 (092de99f48a300323ecf8c2a4e2e7cab51de5ba8) on port 24670
Only local connections are allowed.
]]></system-err>
  </testcase>
  <testcase name="quit" classname="com.catnav.scripts.home.testcases.RFISubmission" time="1.678">
    <failure message="java/sql/Date" type="java.lang.NoClassDefFoundError">java.lang.NoClassDefFoundError: java/sql/Date
	at com.catnav.scripts.home.testcases.RFISubmission.quit(RFISubmission.java:52)
Caused by: java.lang.ClassNotFoundException: java.sql.Date
	at com.catnav.scripts.home.testcases.RFISubmission.quit(RFISubmission.java:52)
</failure>
    <system-err><![CDATA[log4j:WARN No appenders could be found for logger (freemarker.cache).
log4j:WARN Please initialize the log4j system properly.
]]></system-err>
  </testcase>
  <testcase name="quit" classname="com.catnav.scripts.home.testcases.EmailThisPage" time="1.709">
    <failure message="java/sql/Date" type="java.lang.NoClassDefFoundError">java.lang.NoClassDefFoundError: java/sql/Date
	at com.catnav.scripts.home.testcases.EmailThisPage.quit(EmailThisPage.java:55)
Caused by: java.lang.ClassNotFoundException: java.sql.Date
	at com.catnav.scripts.home.testcases.EmailThisPage.quit(EmailThisPage.java:55)
</failure>
  </testcase>
</testsuite>